<?xml version="1.0" encoding="UTF-8"?>
<!-- Generated by org.testng.reporters.JUnitXMLReporter -->
<testsuite hostname="QKNBK474" ignored="0" name="Mobile test 2" tests="1" failures="1" timestamp="13 Feb 2020 12:31:15 GMT" time="61.664" errors="0">
  <testcase name="testWebView" time="60.249" classname="com.qaprosoft.carina.demo.MobileSampleTest2">
    <failure type="org.openqa.selenium.NotFoundException" message="Desired context is not present
Build info: version: &amp;apos;3.141.59&amp;apos;, revision: &amp;apos;e82be7d358&amp;apos;, time: &amp;apos;2018-11-14T08:17:03&amp;apos;
System info: host: &amp;apos;QKNBK474&amp;apos;, ip: &amp;apos;10.0.75.1&amp;apos;, os.name: &amp;apos;Windows 10&amp;apos;, os.arch: &amp;apos;amd64&amp;apos;, os.version: &amp;apos;10.0&amp;apos;, java.version: &amp;apos;1.8.0_131&amp;apos;
Driver info: driver.version: unknown">
      <![CDATA[org.openqa.selenium.NotFoundException: Desired context is not present
Build info: version: '3.141.59', revision: 'e82be7d358', time: '2018-11-14T08:17:03'
System info: host: 'QKNBK474', ip: '10.0.75.1', os.name: 'Windows 10', os.arch: 'amd64', os.version: '10.0', java.version: '1.8.0_131'
Driver info: driver.version: unknown
at com.qaprosoft.carina.demo.utils.MobileContextUtils.switchMobileContext(MobileContextUtils.java:43)
at com.qaprosoft.carina.demo.MobileSampleTest2.testWebView(MobileSampleTest2.java:41)
at com.qaprosoft.zafira.listener.ZafiraListener.lambda$run$0(ZafiraListener.java:103)
at com.qaprosoft.zafira.listener.ZafiraEventRegistrar.onTestHook(ZafiraEventRegistrar.java:360)
at com.qaprosoft.zafira.listener.ZafiraListener.run(ZafiraListener.java:103)
at java.util.concurrent.FutureTask.run(Unknown Source)
at java.util.concurrent.ThreadPoolExecutor.runWorker(Unknown Source)
at java.util.concurrent.ThreadPoolExecutor$Worker.run(Unknown Source)
at java.lang.Thread.run(Unknown Source)
... Removed 18 stack frames]]>
    </failure>
  </testcase> <!-- testWebView -->
</testsuite> <!-- Mobile test 2 -->
