<?xml version="1.0" encoding="UTF-8"?>
<testng-results skipped="0" failed="1" ignored="0" total="5" passed="4">
  <reporter-output>
    <line>
      <![CDATA[ TEST [PT Web Test - testNewsSearch] FAILED at [13:43:44 2020-02-12] - News page is not opened! expected [true] but found [false]

org.testng.Assert.fail(Assert.java:96)
org.testng.Assert.failNotEquals(Assert.java:776)
org.testng.Assert.assertTrue(Assert.java:44)
com.qaprosoft.carina.demo.WebSamplePerformanceTest.testNewsSearch(WebSamplePerformanceTest.java:139)
sun.reflect.NativeMethodAccessorImpl.invoke0(Native Method)
sun.reflect.NativeMethodAccessorImpl.invoke(Unknown Source)
sun.reflect.DelegatingMethodAccessorImpl.invoke(Unknown Source)
java.lang.reflect.Method.invoke(Unknown Source)
org.testng.internal.MethodInvocationHelper.invokeMethod(MethodInvocationHelper.java:124)
org.testng.internal.MethodInvocationHelper$1.runTestMethod(MethodInvocationHelper.java:230)
com.qaprosoft.zafira.listener.ZafiraListener.lambda$run$0(ZafiraListener.java:103)
com.qaprosoft.zafira.listener.ZafiraEventRegistrar.onTestHook(ZafiraEventRegistrar.java:360)
com.qaprosoft.zafira.listener.ZafiraListener.run(ZafiraListener.java:103)
org.testng.internal.MethodInvocationHelper.invokeHookable(MethodInvocationHelper.java:242)
org.testng.internal.Invoker.invokeMethod(Invoker.java:579)
org.testng.internal.Invoker.invokeTestMethod(Invoker.java:719)
org.testng.internal.Invoker.invokeTestMethods(Invoker.java:989)
org.testng.internal.TestMethodWorker.invokeTestMethods(TestMethodWorker.java:125)
org.testng.internal.TestMethodWorker.run(TestMethodWorker.java:109)
java.util.concurrent.ThreadPoolExecutor.runWorker(Unknown Source)
java.util.concurrent.ThreadPoolExecutor$Worker.run(Unknown Source)
java.lang.Thread.run(Unknown Source)]]>
    </line>
  </reporter-output>
  <suite name="PT Web Suite" duration-ms="264397" started-at="2020-02-12T08:09:19Z" finished-at="2020-02-12T08:13:44Z">
    <groups>
    </groups>
    <test name="PT Web Test" duration-ms="264397" started-at="2020-02-12T08:09:19Z" finished-at="2020-02-12T08:13:44Z">
      <class name="com.qaprosoft.carina.demo.WebSamplePerformanceTest">
        <test-method status="PASS" signature="beforeMethod(org.testng.ITestContext, java.lang.reflect.Method)[pri:0, instance:com.qaprosoft.carina.demo.WebSamplePerformanceTest@48ae9b55]" name="beforeMethod" is-config="true" duration-ms="9" started-at="2020-02-12T08:09:19Z" finished-at="2020-02-12T08:09:19Z">
          <params>
            <param index="0">
              <value>
                <![CDATA[org.testng.TestRunner@2f62ea70]]>
              </value>
            </param>
            <param index="1">
              <value>
                <![CDATA[public void com.qaprosoft.carina.demo.WebSamplePerformanceTest.testCompareModels()]]>
              </value>
            </param>
          </params>
          <reporter-output>
          </reporter-output>
        </test-method> <!-- beforeMethod -->
        <test-method status="PASS" signature="testCompareModels()[pri:0, instance:com.qaprosoft.carina.demo.WebSamplePerformanceTest@48ae9b55]" name="testCompareModels" duration-ms="59541" started-at="2020-02-12T08:09:19Z" description="JIRA#AUTO-0009" finished-at="2020-02-12T08:10:19Z">
          <reporter-output>
          </reporter-output>
        </test-method> <!-- testCompareModels -->
        <test-method status="PASS" signature="beforeMethod(org.testng.ITestContext, java.lang.reflect.Method)[pri:0, instance:com.qaprosoft.carina.demo.WebSamplePerformanceTest@48ae9b55]" name="beforeMethod" is-config="true" duration-ms="134" started-at="2020-02-12T08:10:19Z" finished-at="2020-02-12T08:10:20Z">
          <params>
            <param index="0">
              <value>
                <![CDATA[org.testng.TestRunner@2f62ea70]]>
              </value>
            </param>
            <param index="1">
              <value>
                <![CDATA[public void com.qaprosoft.carina.demo.WebSamplePerformanceTest.testModelSpecs(java.util.HashMap)]]>
              </value>
            </param>
          </params>
          <reporter-output>
          </reporter-output>
        </test-method> <!-- beforeMethod -->
        <test-method status="PASS" signature="testModelSpecs(java.util.HashMap)[pri:0, instance:com.qaprosoft.carina.demo.WebSamplePerformanceTest@48ae9b55]" name="testModelSpecs" duration-ms="58375" started-at="2020-02-12T08:10:20Z" description="JIRA#AUTO-0008" data-provider="SingleDataProvider" finished-at="2020-02-12T08:11:18Z">
          <params>
            <param index="0">
              <value>
                <![CDATA[{Execute=Y, display=6.4", model=Galaxy S10+, TUID=GSMA0001, camera=16MP, battery=4100mAh, brand=Samsung, ram=12GB RAM}]]>
              </value>
            </param>
          </params>
          <reporter-output>
          </reporter-output>
        </test-method> <!-- testModelSpecs -->
        <test-method status="PASS" signature="beforeMethod(org.testng.ITestContext, java.lang.reflect.Method)[pri:0, instance:com.qaprosoft.carina.demo.WebSamplePerformanceTest@48ae9b55]" name="beforeMethod" is-config="true" duration-ms="8" started-at="2020-02-12T08:11:18Z" finished-at="2020-02-12T08:11:18Z">
          <params>
            <param index="0">
              <value>
                <![CDATA[org.testng.TestRunner@2f62ea70]]>
              </value>
            </param>
            <param index="1">
              <value>
                <![CDATA[public void com.qaprosoft.carina.demo.WebSamplePerformanceTest.testModelSpecs(java.util.HashMap)]]>
              </value>
            </param>
          </params>
          <reporter-output>
          </reporter-output>
        </test-method> <!-- beforeMethod -->
        <test-method status="PASS" signature="testModelSpecs(java.util.HashMap)[pri:0, instance:com.qaprosoft.carina.demo.WebSamplePerformanceTest@48ae9b55]" name="testModelSpecs" duration-ms="42790" started-at="2020-02-12T08:11:18Z" description="JIRA#AUTO-0008" data-provider="SingleDataProvider" finished-at="2020-02-12T08:12:01Z">
          <params>
            <param index="0">
              <value>
                <![CDATA[{Execute=Y, display=6.1", model=Galaxy S10, TUID=GSMA0002, camera=16MP, battery=3400mAh, brand=Samsung, ram=8GB RAM}]]>
              </value>
            </param>
          </params>
          <reporter-output>
          </reporter-output>
        </test-method> <!-- testModelSpecs -->
        <test-method status="PASS" signature="beforeMethod(org.testng.ITestContext, java.lang.reflect.Method)[pri:0, instance:com.qaprosoft.carina.demo.WebSamplePerformanceTest@48ae9b55]" name="beforeMethod" is-config="true" duration-ms="2" started-at="2020-02-12T08:12:01Z" finished-at="2020-02-12T08:12:01Z">
          <params>
            <param index="0">
              <value>
                <![CDATA[org.testng.TestRunner@2f62ea70]]>
              </value>
            </param>
            <param index="1">
              <value>
                <![CDATA[public void com.qaprosoft.carina.demo.WebSamplePerformanceTest.testModelSpecs(java.util.HashMap)]]>
              </value>
            </param>
          </params>
          <reporter-output>
          </reporter-output>
        </test-method> <!-- beforeMethod -->
        <test-method status="PASS" signature="testModelSpecs(java.util.HashMap)[pri:0, instance:com.qaprosoft.carina.demo.WebSamplePerformanceTest@48ae9b55]" name="testModelSpecs" duration-ms="52385" started-at="2020-02-12T08:12:01Z" description="JIRA#AUTO-0008" data-provider="SingleDataProvider" finished-at="2020-02-12T08:12:54Z">
          <params>
            <param index="0">
              <value>
                <![CDATA[{Execute=Y, display=17.3", model=Galaxy View2, TUID=GSMA0003, camera=NO, battery=12000mAh, brand=Samsung, ram=3GB RAM}]]>
              </value>
            </param>
          </params>
          <reporter-output>
          </reporter-output>
        </test-method> <!-- testModelSpecs -->
        <test-method status="PASS" signature="beforeMethod(org.testng.ITestContext, java.lang.reflect.Method)[pri:0, instance:com.qaprosoft.carina.demo.WebSamplePerformanceTest@48ae9b55]" name="beforeMethod" is-config="true" duration-ms="4" started-at="2020-02-12T08:12:54Z" finished-at="2020-02-12T08:12:54Z">
          <params>
            <param index="0">
              <value>
                <![CDATA[org.testng.TestRunner@2f62ea70]]>
              </value>
            </param>
            <param index="1">
              <value>
                <![CDATA[public void com.qaprosoft.carina.demo.WebSamplePerformanceTest.testNewsSearch()]]>
              </value>
            </param>
          </params>
          <reporter-output>
          </reporter-output>
        </test-method> <!-- beforeMethod -->
        <test-method status="FAIL" signature="testNewsSearch()[pri:0, instance:com.qaprosoft.carina.demo.WebSamplePerformanceTest@48ae9b55]" name="testNewsSearch" duration-ms="40259" started-at="2020-02-12T08:12:54Z" description="JIRA#AUTO-0010" finished-at="2020-02-12T08:13:34Z">
          <exception class="java.lang.AssertionError">
            <message>
              <![CDATA[News page is not opened! expected [true] but found [false]]]>
            </message>
            <full-stacktrace>
              <![CDATA[java.lang.AssertionError: News page is not opened! expected [true] but found [false]
at org.testng.Assert.fail(Assert.java:96)
at org.testng.Assert.failNotEquals(Assert.java:776)
at org.testng.Assert.assertTrue(Assert.java:44)
at com.qaprosoft.carina.demo.WebSamplePerformanceTest.testNewsSearch(WebSamplePerformanceTest.java:139)
at sun.reflect.NativeMethodAccessorImpl.invoke0(Native Method)
at sun.reflect.NativeMethodAccessorImpl.invoke(Unknown Source)
at sun.reflect.DelegatingMethodAccessorImpl.invoke(Unknown Source)
at java.lang.reflect.Method.invoke(Unknown Source)
at org.testng.internal.MethodInvocationHelper.invokeMethod(MethodInvocationHelper.java:124)
at org.testng.internal.MethodInvocationHelper$1.runTestMethod(MethodInvocationHelper.java:230)
at com.qaprosoft.zafira.listener.ZafiraListener.lambda$run$0(ZafiraListener.java:103)
at com.qaprosoft.zafira.listener.ZafiraEventRegistrar.onTestHook(ZafiraEventRegistrar.java:360)
at com.qaprosoft.zafira.listener.ZafiraListener.run(ZafiraListener.java:103)
at org.testng.internal.MethodInvocationHelper.invokeHookable(MethodInvocationHelper.java:242)
at org.testng.internal.Invoker.invokeMethod(Invoker.java:579)
at org.testng.internal.Invoker.invokeTestMethod(Invoker.java:719)
at org.testng.internal.Invoker.invokeTestMethods(Invoker.java:989)
at org.testng.internal.TestMethodWorker.invokeTestMethods(TestMethodWorker.java:125)
at org.testng.internal.TestMethodWorker.run(TestMethodWorker.java:109)
at java.util.concurrent.ThreadPoolExecutor.runWorker(Unknown Source)
at java.util.concurrent.ThreadPoolExecutor$Worker.run(Unknown Source)
at java.lang.Thread.run(Unknown Source)
]]>
            </full-stacktrace>
          </exception> <!-- java.lang.AssertionError -->
          <reporter-output>
            <line>
              <![CDATA[ TEST [PT Web Test - testNewsSearch] FAILED at [13:43:44 2020-02-12] - News page is not opened! expected [true] but found [false]

org.testng.Assert.fail(Assert.java:96)
org.testng.Assert.failNotEquals(Assert.java:776)
org.testng.Assert.assertTrue(Assert.java:44)
com.qaprosoft.carina.demo.WebSamplePerformanceTest.testNewsSearch(WebSamplePerformanceTest.java:139)
sun.reflect.NativeMethodAccessorImpl.invoke0(Native Method)
sun.reflect.NativeMethodAccessorImpl.invoke(Unknown Source)
sun.reflect.DelegatingMethodAccessorImpl.invoke(Unknown Source)
java.lang.reflect.Method.invoke(Unknown Source)
org.testng.internal.MethodInvocationHelper.invokeMethod(MethodInvocationHelper.java:124)
org.testng.internal.MethodInvocationHelper$1.runTestMethod(MethodInvocationHelper.java:230)
com.qaprosoft.zafira.listener.ZafiraListener.lambda$run$0(ZafiraListener.java:103)
com.qaprosoft.zafira.listener.ZafiraEventRegistrar.onTestHook(ZafiraEventRegistrar.java:360)
com.qaprosoft.zafira.listener.ZafiraListener.run(ZafiraListener.java:103)
org.testng.internal.MethodInvocationHelper.invokeHookable(MethodInvocationHelper.java:242)
org.testng.internal.Invoker.invokeMethod(Invoker.java:579)
org.testng.internal.Invoker.invokeTestMethod(Invoker.java:719)
org.testng.internal.Invoker.invokeTestMethods(Invoker.java:989)
org.testng.internal.TestMethodWorker.invokeTestMethods(TestMethodWorker.java:125)
org.testng.internal.TestMethodWorker.run(TestMethodWorker.java:109)
java.util.concurrent.ThreadPoolExecutor.runWorker(Unknown Source)
java.util.concurrent.ThreadPoolExecutor$Worker.run(Unknown Source)
java.lang.Thread.run(Unknown Source)]]>
            </line>
          </reporter-output>
        </test-method> <!-- testNewsSearch -->
      </class> <!-- com.qaprosoft.carina.demo.WebSamplePerformanceTest -->
    </test> <!-- PT Web Test -->
  </suite> <!-- PT Web Suite -->
</testng-results>
