<?xml version="1.0" encoding="UTF-8"?>
<!-- Generated by org.testng.reporters.JUnitXMLReporter -->
<testsuite hostname="QKNBK474" ignored="0" name="PT Web Test" tests="5" failures="1" timestamp="19 Feb 2020 10:20:55 GMT" time="350.857" errors="0">
  <testcase name="testCompareModels" time="116.965" classname="com.qaprosoft.carina.demo.WebSamplePerformanceTest"/>
  <testcase name="testModelSpecs" time="68.666" classname="com.qaprosoft.carina.demo.WebSamplePerformanceTest"/>
  <testcase name="testModelSpecs" time="56.512" classname="com.qaprosoft.carina.demo.WebSamplePerformanceTest"/>
  <testcase name="testModelSpecs" time="55.203" classname="com.qaprosoft.carina.demo.WebSamplePerformanceTest"/>
  <testcase name="testNewsSearch" time="45.164" classname="com.qaprosoft.carina.demo.WebSamplePerformanceTest">
    <failure type="java.lang.AssertionError" message="News page is not opened! expected [true] but found [false]">
      <![CDATA[java.lang.AssertionError: News page is not opened! expected [true] but found [false]
at com.qaprosoft.carina.demo.WebSamplePerformanceTest.testNewsSearch(WebSamplePerformanceTest.java:139)
at com.qaprosoft.zafira.listener.ZafiraListener.lambda$run$0(ZafiraListener.java:103)
at com.qaprosoft.zafira.listener.ZafiraEventRegistrar.onTestHook(ZafiraEventRegistrar.java:360)
at com.qaprosoft.zafira.listener.ZafiraListener.run(ZafiraListener.java:103)
at java.util.concurrent.ThreadPoolExecutor.runWorker(Unknown Source)
at java.util.concurrent.ThreadPoolExecutor$Worker.run(Unknown Source)
at java.lang.Thread.run(Unknown Source)
... Removed 15 stack frames]]>
    </failure>
  </testcase> <!-- testNewsSearch -->
</testsuite> <!-- PT Web Test -->
