<?xml version="1.0" encoding="UTF-8"?>
<!-- Generated by org.testng.reporters.JUnitXMLReporter -->
<testsuite hostname="QKNBK474" ignored="0" name="PT Web Test" tests="5" failures="1" timestamp="12 Feb 2020 08:13:44 GMT" time="264.397" errors="0">
  <testcase name="testCompareModels" time="59.541" classname="com.qaprosoft.carina.demo.WebSamplePerformanceTest"/>
  <testcase name="testModelSpecs" time="58.375" classname="com.qaprosoft.carina.demo.WebSamplePerformanceTest"/>
  <testcase name="testModelSpecs" time="42.79" classname="com.qaprosoft.carina.demo.WebSamplePerformanceTest"/>
  <testcase name="testModelSpecs" time="52.385" classname="com.qaprosoft.carina.demo.WebSamplePerformanceTest"/>
  <testcase name="testNewsSearch" time="40.259" classname="com.qaprosoft.carina.demo.WebSamplePerformanceTest">
    <failure type="java.lang.AssertionError" message="News page is not opened! expected [true] but found [false]">
      <![CDATA[java.lang.AssertionError: News page is not opened! expected [true] but found [false]
at com.qaprosoft.carina.demo.WebSamplePerformanceTest.testNewsSearch(WebSamplePerformanceTest.java:139)
at com.qaprosoft.zafira.listener.ZafiraListener.lambda$run$0(ZafiraListener.java:103)
at com.qaprosoft.zafira.listener.ZafiraEventRegistrar.onTestHook(ZafiraEventRegistrar.java:360)
at com.qaprosoft.zafira.listener.ZafiraListener.run(ZafiraListener.java:103)
at java.util.concurrent.ThreadPoolExecutor.runWorker(Unknown Source)
at java.util.concurrent.ThreadPoolExecutor$Worker.run(Unknown Source)
at java.lang.Thread.run(Unknown Source)
... Removed 15 stack frames]]>
    </failure>
  </testcase> <!-- testNewsSearch -->
</testsuite> <!-- PT Web Test -->
